{
  "numFailedTestSuites": 6,
  "numFailedTests": 4,
  "numPassedTestSuites": 1,
  "numPassedTests": 6,
  "numPendingTestSuites": 0,
  "numPendingTests": 0,
  "numRuntimeErrorTestSuites": 4,
  "numTodoTests": 0,
  "numTotalTestSuites": 7,
  "numTotalTests": 10,
  "openHandles": [],
  "snapshot": {
    "added": 0,
    "didUpdate": false,
    "failure": false,
    "filesAdded": 0,
    "filesRemoved": 0,
    "filesRemovedList": [],
    "filesUnmatched": 0,
    "filesUpdated": 0,
    "matched": 0,
    "total": 0,
    "unchecked": 0,
    "uncheckedKeysByFile": [],
    "unmatched": 0,
    "updated": 0
  },
  "startTime": 1776917996598,
  "success": false,
  "testResults": [
    {
      "leaks": false,
      "numFailingTests": 1,
      "numPassingTests": 0,
      "numPendingTests": 0,
      "numTodoTests": 0,
      "openHandles": [],
      "perfStats": {
        "end": 1776918002189,
        "loadTestEnvironmentEnd": 1776917997529,
        "loadTestEnvironmentStart": 1776917996949,
        "runtime": 4658,
        "setupAfterEnvEnd": 1776917998355,
        "setupAfterEnvStart": 1776917998355,
        "setupFilesEnd": 1776917997531,
        "setupFilesStart": 1776917997531,
        "slow": false,
        "start": 1776917997531
      },
      "skipped": false,
      "snapshot": {
        "added": 0,
        "fileDeleted": false,
        "matched": 0,
        "unchecked": 0,
        "uncheckedKeys": [],
        "unmatched": 0,
        "updated": 0
      },
      "testFilePath": "I:\\React Projects\\cv\\backend\\src\\services\\notion.service.int.test.ts",
      "testResults": [
        {
          "ancestorTitles": [
            "Integration: Notion"
          ],
          "duration": 68,
          "failing": false,
          "failureDetails": [
            {}
          ],
          "failureMessages": [
            "Error: Environment variable NOTION_SECRET is required but not set.\n    at requireEnvVariable (I:\\React Projects\\cv\\backend\\src\\config.ts:6:15)\n    at Object.<anonymous> (I:\\React Projects\\cv\\backend\\src\\services\\notion.service.int.test.ts:9:37)\n    at Promise.finally.completed (I:\\React Projects\\cv\\node_modules\\jest-circus\\build\\jestAdapterInit.js:1557:28)\n    at new Promise (<anonymous>)\n    at callAsyncCircusFn (I:\\React Projects\\cv\\node_modules\\jest-circus\\build\\jestAdapterInit.js:1497:10)\n    at _callCircusTest (I:\\React Projects\\cv\\node_modules\\jest-circus\\build\\jestAdapterInit.js:1007:40)\n    at processTicksAndRejections (node:internal/process/task_queues:95:5)\n    at _runTest (I:\\React Projects\\cv\\node_modules\\jest-circus\\build\\jestAdapterInit.js:947:3)\n    at I:\\React Projects\\cv\\node_modules\\jest-circus\\build\\jestAdapterInit.js:849:7\n    at _runTestsForDescribeBlock (I:\\React Projects\\cv\\node_modules\\jest-circus\\build\\jestAdapterInit.js:862:11)\n    at _runTestsForDescribeBlock (I:\\React Projects\\cv\\node_modules\\jest-circus\\build\\jestAdapterInit.js:857:11)\n    at run (I:\\React Projects\\cv\\node_modules\\jest-circus\\build\\jestAdapterInit.js:761:3)\n    at runAndTransformResultsToJestFormat (I:\\React Projects\\cv\\node_modules\\jest-circus\\build\\jestAdapterInit.js:1918:21)\n    at jestAdapter (I:\\React Projects\\cv\\node_modules\\jest-circus\\build\\runner.js:101:19)\n    at runTestInternal (I:\\React Projects\\cv\\node_modules\\jest-runner\\build\\testWorker.js:275:16)\n    at runTest (I:\\React Projects\\cv\\node_modules\\jest-runner\\build\\testWorker.js:343:7)\n    at Object.worker (I:\\React Projects\\cv\\node_modules\\jest-runner\\build\\testWorker.js:497:12)"
          ],
          "fullName": "Integration: Notion fetches real data",
          "invocations": 1,
          "location": null,
          "numPassingAsserts": 0,
          "retryReasons": [],
          "startAt": 1776918002067,
          "status": "failed",
          "title": "fetches real data"
        }
      ],
      "failureMessage": "\u001b[1m\u001b[31m  \u001b[1m● \u001b[22m\u001b[1mIntegration: Notion › fetches real data\u001b[39m\u001b[22m\n\n    Environment variable NOTION_SECRET is required but not set.\n\u001b[2m\u001b[22m\n\u001b[2m    \u001b[0m \u001b[90m 4 |\u001b[39m     \u001b[36mconst\u001b[39m value \u001b[33m=\u001b[39m process\u001b[33m.\u001b[39menv[name]\u001b[33m;\u001b[39m\u001b[22m\n\u001b[2m     \u001b[90m 5 |\u001b[39m     \u001b[36mif\u001b[39m (\u001b[33m!\u001b[39mvalue) {\u001b[22m\n\u001b[2m    \u001b[31m\u001b[1m>\u001b[22m\u001b[2m\u001b[39m\u001b[90m 6 |\u001b[39m         \u001b[36mthrow\u001b[39m \u001b[36mnew\u001b[39m \u001b[33mError\u001b[39m(\u001b[32m`Environment variable ${name} is required but not set.`\u001b[39m)\u001b[33m;\u001b[39m\u001b[22m\n\u001b[2m     \u001b[90m   |\u001b[39m               \u001b[31m\u001b[1m^\u001b[22m\u001b[2m\u001b[39m\u001b[22m\n\u001b[2m     \u001b[90m 7 |\u001b[39m     }\u001b[22m\n\u001b[2m     \u001b[90m 8 |\u001b[39m     \u001b[36mreturn\u001b[39m value\u001b[33m;\u001b[39m\u001b[22m\n\u001b[2m     \u001b[90m 9 |\u001b[39m }\u001b[0m\u001b[22m\n\u001b[2m\u001b[22m\n\u001b[2m      \u001b[2mat requireEnvVariable (\u001b[22m\u001b[2msrc/config.ts\u001b[2m:6:15)\u001b[22m\u001b[2m\u001b[22m\n\u001b[2m      \u001b[2mat Object.<anonymous> (\u001b[22m\u001b[2m\u001b[0m\u001b[36msrc/services/notion.service.int.test.ts\u001b[39m\u001b[0m\u001b[2m:9:37)\u001b[22m\u001b[2m\u001b[22m\n"
    },
    {
      "leaks": false,
      "numFailingTests": 0,
      "numPassingTests": 3,
      "numPendingTests": 0,
      "numTodoTests": 0,
      "openHandles": [],
      "perfStats": {
        "end": 1776918002197,
        "loadTestEnvironmentEnd": 1776917997597,
        "loadTestEnvironmentStart": 1776917997013,
        "runtime": 4598,
        "setupAfterEnvEnd": 1776917998399,
        "setupAfterEnvStart": 1776917998399,
        "setupFilesEnd": 1776917997599,
        "setupFilesStart": 1776917997599,
        "slow": false,
        "start": 1776917997599
      },
      "skipped": false,
      "snapshot": {
        "added": 0,
        "fileDeleted": false,
        "matched": 0,
        "unchecked": 0,
        "uncheckedKeys": [],
        "unmatched": 0,
        "updated": 0
      },
      "testFilePath": "I:\\React Projects\\cv\\backend\\src\\services\\notion.service.test.ts",
      "testResults": [
        {
          "ancestorTitles": [
            "NotionService"
          ],
          "duration": 15,
          "failing": false,
          "failureDetails": [],
          "failureMessages": [],
          "fullName": "NotionService maps valid response to objectives",
          "invocations": 1,
          "location": null,
          "numPassingAsserts": 1,
          "retryReasons": [],
          "startAt": 1776918002170,
          "status": "passed",
          "title": "maps valid response to objectives"
        },
        {
          "ancestorTitles": [
            "NotionService"
          ],
          "duration": 7,
          "failing": false,
          "failureDetails": [],
          "failureMessages": [],
          "fullName": "NotionService filters out invalid results",
          "invocations": 1,
          "location": null,
          "numPassingAsserts": 1,
          "retryReasons": [],
          "startAt": 1776918002186,
          "status": "passed",
          "title": "filters out invalid results"
        },
        {
          "ancestorTitles": [
            "NotionService"
          ],
          "duration": 1,
          "failing": false,
          "failureDetails": [],
          "failureMessages": [],
          "fullName": "NotionService skips items without relation",
          "invocations": 1,
          "location": null,
          "numPassingAsserts": 1,
          "retryReasons": [],
          "startAt": 1776918002194,
          "status": "passed",
          "title": "skips items without relation"
        }
      ],
      "failureMessage": null
    },
    {
      "failureMessage": "  \u001b[1m● \u001b[22mTest suite failed to run\n\n    Cannot find module '@shared/types/event' from 'src/services/nager.service.ts'\n\n    Require stack:\n      src/services/nager.service.ts\n      src/services/nager.service.test.ts\n\n    \u001b[0m\u001b[31m\u001b[1m>\u001b[22m\u001b[39m\u001b[90m 1 |\u001b[39m \u001b[36mimport\u001b[39m { \u001b[33mEEventState\u001b[39m\u001b[33m,\u001b[39m \u001b[33mEEventType\u001b[39m\u001b[33m,\u001b[39m \u001b[33mIEvent\u001b[39m\u001b[33m,\u001b[39m \u001b[33mIHoliday\u001b[39m } \u001b[36mfrom\u001b[39m \u001b[32m'@shared/types/event'\u001b[39m\u001b[33m;\u001b[39m\n     \u001b[90m   |\u001b[39m \u001b[31m\u001b[1m^\u001b[22m\u001b[39m\n     \u001b[90m 2 |\u001b[39m \u001b[36mimport\u001b[39m { \u001b[33mIRawEvent\u001b[39m } \u001b[36mfrom\u001b[39m \u001b[32m'../types/events.types'\u001b[39m\u001b[33m;\u001b[39m\n     \u001b[90m 3 |\u001b[39m\n     \u001b[90m 4 |\u001b[39m \u001b[36mexport\u001b[39m \u001b[36mconst\u001b[39m createNagerService \u001b[33m=\u001b[39m (fetchFn\u001b[33m:\u001b[39m \u001b[36mtypeof\u001b[39m fetch) \u001b[33m=>\u001b[39m {\u001b[0m\n\n      \u001b[2mat Resolver._throwModNotFoundError (\u001b[22m../node_modules/jest-resolve/build/index.js\u001b[2m:863:11)\u001b[22m\n      \u001b[2mat Object.<anonymous> (\u001b[22msrc/services/nager.service.ts\u001b[2m:1:1)\u001b[22m\n      \u001b[2mat Object.<anonymous> (\u001b[22m\u001b[0m\u001b[36msrc/services/nager.service.test.ts\u001b[39m\u001b[0m\u001b[2m:1:1)\u001b[22m\n",
      "leaks": false,
      "numFailingTests": 0,
      "numPassingTests": 0,
      "numPendingTests": 0,
      "numTodoTests": 0,
      "openHandles": [],
      "perfStats": {
        "end": 0,
        "loadTestEnvironmentEnd": 0,
        "loadTestEnvironmentStart": 0,
        "runtime": 0,
        "setupAfterEnvEnd": 0,
        "setupAfterEnvStart": 0,
        "setupFilesEnd": 0,
        "setupFilesStart": 0,
        "slow": false,
        "start": 0
      },
      "skipped": false,
      "snapshot": {
        "added": 0,
        "fileDeleted": false,
        "matched": 0,
        "unchecked": 0,
        "uncheckedKeys": [],
        "unmatched": 0,
        "updated": 0
      },
      "testExecError": "Cannot find module '@shared/types/event' from 'src/services/nager.service.ts'\n\nRequire stack:\n  src/services/nager.service.ts\n  src/services/nager.service.test.ts\n",
      "testFilePath": "I:\\React Projects\\cv\\backend\\src\\services\\nager.service.test.ts",
      "testResults": []
    },
    {
      "failureMessage": "  \u001b[1m● \u001b[22mTest suite failed to run\n\n    Cannot find module '@shared/types/event' from 'src/services/googleCalendar.service.ts'\n\n    Require stack:\n      src/services/googleCalendar.service.ts\n      src/services/googleCalendar.service.test.ts\n\n    \u001b[0m\u001b[31m\u001b[1m>\u001b[22m\u001b[39m\u001b[90m 1 |\u001b[39m \u001b[36mimport\u001b[39m { \u001b[33mEEventState\u001b[39m\u001b[33m,\u001b[39m \u001b[33mEEventType\u001b[39m\u001b[33m,\u001b[39m \u001b[33mIEvent\u001b[39m } \u001b[36mfrom\u001b[39m \u001b[32m'@shared/types/event'\u001b[39m\u001b[33m;\u001b[39m\n     \u001b[90m   |\u001b[39m \u001b[31m\u001b[1m^\u001b[22m\u001b[39m\n     \u001b[90m 2 |\u001b[39m \u001b[36mimport\u001b[39m { \u001b[33mIRawEvent\u001b[39m } \u001b[36mfrom\u001b[39m \u001b[32m'../types/events.types'\u001b[39m\u001b[33m;\u001b[39m\n     \u001b[90m 3 |\u001b[39m \u001b[36mimport\u001b[39m { \u001b[33mIGoogleCalendarConfig\u001b[39m } \u001b[36mfrom\u001b[39m \u001b[32m'../types/config.types'\u001b[39m\u001b[33m;\u001b[39m\n     \u001b[90m 4 |\u001b[39m\u001b[0m\n\n      \u001b[2mat Resolver._throwModNotFoundError (\u001b[22m../node_modules/jest-resolve/build/index.js\u001b[2m:863:11)\u001b[22m\n      \u001b[2mat Object.<anonymous> (\u001b[22msrc/services/googleCalendar.service.ts\u001b[2m:1:1)\u001b[22m\n      \u001b[2mat Object.<anonymous> (\u001b[22m\u001b[0m\u001b[36msrc/services/googleCalendar.service.test.ts\u001b[39m\u001b[0m\u001b[2m:1:1)\u001b[22m\n",
      "leaks": false,
      "numFailingTests": 0,
      "numPassingTests": 0,
      "numPendingTests": 0,
      "numTodoTests": 0,
      "openHandles": [],
      "perfStats": {
        "end": 0,
        "loadTestEnvironmentEnd": 0,
        "loadTestEnvironmentStart": 0,
        "runtime": 0,
        "setupAfterEnvEnd": 0,
        "setupAfterEnvStart": 0,
        "setupFilesEnd": 0,
        "setupFilesStart": 0,
        "slow": false,
        "start": 0
      },
      "skipped": false,
      "snapshot": {
        "added": 0,
        "fileDeleted": false,
        "matched": 0,
        "unchecked": 0,
        "uncheckedKeys": [],
        "unmatched": 0,
        "updated": 0
      },
      "testExecError": "Cannot find module '@shared/types/event' from 'src/services/googleCalendar.service.ts'\n\nRequire stack:\n  src/services/googleCalendar.service.ts\n  src/services/googleCalendar.service.test.ts\n",
      "testFilePath": "I:\\React Projects\\cv\\backend\\src\\services\\googleCalendar.service.test.ts",
      "testResults": []
    },
    {
      "failureMessage": "  \u001b[1m● \u001b[22mTest suite failed to run\n\n    Cannot find module '@shared/types/event' from 'src/services/nager.service.ts'\n\n    Require stack:\n      src/services/nager.service.ts\n      src/services/nager.service.int.test.ts\n\n    \u001b[0m\u001b[31m\u001b[1m>\u001b[22m\u001b[39m\u001b[90m 1 |\u001b[39m \u001b[36mimport\u001b[39m { \u001b[33mEEventState\u001b[39m\u001b[33m,\u001b[39m \u001b[33mEEventType\u001b[39m\u001b[33m,\u001b[39m \u001b[33mIEvent\u001b[39m\u001b[33m,\u001b[39m \u001b[33mIHoliday\u001b[39m } \u001b[36mfrom\u001b[39m \u001b[32m'@shared/types/event'\u001b[39m\u001b[33m;\u001b[39m\n     \u001b[90m   |\u001b[39m \u001b[31m\u001b[1m^\u001b[22m\u001b[39m\n     \u001b[90m 2 |\u001b[39m \u001b[36mimport\u001b[39m { \u001b[33mIRawEvent\u001b[39m } \u001b[36mfrom\u001b[39m \u001b[32m'../types/events.types'\u001b[39m\u001b[33m;\u001b[39m\n     \u001b[90m 3 |\u001b[39m\n     \u001b[90m 4 |\u001b[39m \u001b[36mexport\u001b[39m \u001b[36mconst\u001b[39m createNagerService \u001b[33m=\u001b[39m (fetchFn\u001b[33m:\u001b[39m \u001b[36mtypeof\u001b[39m fetch) \u001b[33m=>\u001b[39m {\u001b[0m\n\n      \u001b[2mat Resolver._throwModNotFoundError (\u001b[22m../node_modules/jest-resolve/build/index.js\u001b[2m:863:11)\u001b[22m\n      \u001b[2mat Object.<anonymous> (\u001b[22msrc/services/nager.service.ts\u001b[2m:1:1)\u001b[22m\n      \u001b[2mat Object.<anonymous> (\u001b[22m\u001b[0m\u001b[36msrc/services/nager.service.int.test.ts\u001b[39m\u001b[0m\u001b[2m:1:1)\u001b[22m\n",
      "leaks": false,
      "numFailingTests": 0,
      "numPassingTests": 0,
      "numPendingTests": 0,
      "numTodoTests": 0,
      "openHandles": [],
      "perfStats": {
        "end": 0,
        "loadTestEnvironmentEnd": 0,
        "loadTestEnvironmentStart": 0,
        "runtime": 0,
        "setupAfterEnvEnd": 0,
        "setupAfterEnvStart": 0,
        "setupFilesEnd": 0,
        "setupFilesStart": 0,
        "slow": false,
        "start": 0
      },
      "skipped": false,
      "snapshot": {
        "added": 0,
        "fileDeleted": false,
        "matched": 0,
        "unchecked": 0,
        "uncheckedKeys": [],
        "unmatched": 0,
        "updated": 0
      },
      "testExecError": "Cannot find module '@shared/types/event' from 'src/services/nager.service.ts'\n\nRequire stack:\n  src/services/nager.service.ts\n  src/services/nager.service.int.test.ts\n",
      "testFilePath": "I:\\React Projects\\cv\\backend\\src\\services\\nager.service.int.test.ts",
      "testResults": []
    },
    {
      "failureMessage": "  \u001b[1m● \u001b[22mTest suite failed to run\n\n    Cannot find module '@shared/types/event' from 'src/services/googleCalendar.service.ts'\n\n    Require stack:\n      src/services/googleCalendar.service.ts\n      src/services/googleCalendar.service.int.test.ts\n\n    \u001b[0m\u001b[31m\u001b[1m>\u001b[22m\u001b[39m\u001b[90m 1 |\u001b[39m \u001b[36mimport\u001b[39m { \u001b[33mEEventState\u001b[39m\u001b[33m,\u001b[39m \u001b[33mEEventType\u001b[39m\u001b[33m,\u001b[39m \u001b[33mIEvent\u001b[39m } \u001b[36mfrom\u001b[39m \u001b[32m'@shared/types/event'\u001b[39m\u001b[33m;\u001b[39m\n     \u001b[90m   |\u001b[39m \u001b[31m\u001b[1m^\u001b[22m\u001b[39m\n     \u001b[90m 2 |\u001b[39m \u001b[36mimport\u001b[39m { \u001b[33mIRawEvent\u001b[39m } \u001b[36mfrom\u001b[39m \u001b[32m'../types/events.types'\u001b[39m\u001b[33m;\u001b[39m\n     \u001b[90m 3 |\u001b[39m \u001b[36mimport\u001b[39m { \u001b[33mIGoogleCalendarConfig\u001b[39m } \u001b[36mfrom\u001b[39m \u001b[32m'../types/config.types'\u001b[39m\u001b[33m;\u001b[39m\n     \u001b[90m 4 |\u001b[39m\u001b[0m\n\n      \u001b[2mat Resolver._throwModNotFoundError (\u001b[22m../node_modules/jest-resolve/build/index.js\u001b[2m:863:11)\u001b[22m\n      \u001b[2mat Object.<anonymous> (\u001b[22msrc/services/googleCalendar.service.ts\u001b[2m:1:1)\u001b[22m\n      \u001b[2mat Object.<anonymous> (\u001b[22m\u001b[0m\u001b[36msrc/services/googleCalendar.service.int.test.ts\u001b[39m\u001b[0m\u001b[2m:2:1)\u001b[22m\n",
      "leaks": false,
      "numFailingTests": 0,
      "numPassingTests": 0,
      "numPendingTests": 0,
      "numTodoTests": 0,
      "openHandles": [],
      "perfStats": {
        "end": 0,
        "loadTestEnvironmentEnd": 0,
        "loadTestEnvironmentStart": 0,
        "runtime": 0,
        "setupAfterEnvEnd": 0,
        "setupAfterEnvStart": 0,
        "setupFilesEnd": 0,
        "setupFilesStart": 0,
        "slow": false,
        "start": 0
      },
      "skipped": false,
      "snapshot": {
        "added": 0,
        "fileDeleted": false,
        "matched": 0,
        "unchecked": 0,
        "uncheckedKeys": [],
        "unmatched": 0,
        "updated": 0
      },
      "testExecError": "Cannot find module '@shared/types/event' from 'src/services/googleCalendar.service.ts'\n\nRequire stack:\n  src/services/googleCalendar.service.ts\n  src/services/googleCalendar.service.int.test.ts\n",
      "testFilePath": "I:\\React Projects\\cv\\backend\\src\\services\\googleCalendar.service.int.test.ts",
      "testResults": []
    },
    {
      "leaks": false,
      "numFailingTests": 3,
      "numPassingTests": 3,
      "numPendingTests": 0,
      "numTodoTests": 0,
      "openHandles": [],
      "perfStats": {
        "end": 1776918002723,
        "loadTestEnvironmentEnd": 1776917997522,
        "loadTestEnvironmentStart": 1776917996934,
        "runtime": 5199,
        "setupAfterEnvEnd": 1776917998329,
        "setupAfterEnvStart": 1776917998329,
        "setupFilesEnd": 1776917997524,
        "setupFilesStart": 1776917997524,
        "slow": true,
        "start": 1776917997524
      },
      "skipped": false,
      "snapshot": {
        "added": 0,
        "fileDeleted": false,
        "matched": 0,
        "unchecked": 0,
        "uncheckedKeys": [],
        "unmatched": 0,
        "updated": 0
      },
      "testFilePath": "I:\\React Projects\\cv\\backend\\src\\routes\\timeline.test.ts",
      "testResults": [
        {
          "ancestorTitles": [
            "/events route"
          ],
          "duration": 48,
          "failing": false,
          "failureDetails": [],
          "failureMessages": [],
          "fullName": "/events route returns 400 if params missing",
          "invocations": 1,
          "location": null,
          "numPassingAsserts": 1,
          "retryReasons": [],
          "startAt": 1776918002596,
          "status": "passed",
          "title": "returns 400 if params missing"
        },
        {
          "ancestorTitles": [
            "/events route"
          ],
          "duration": 15,
          "failing": false,
          "failureDetails": [],
          "failureMessages": [],
          "fullName": "/events route returns empty object if no events",
          "invocations": 1,
          "location": null,
          "numPassingAsserts": 2,
          "retryReasons": [],
          "startAt": 1776918002645,
          "status": "passed",
          "title": "returns empty object if no events"
        },
        {
          "ancestorTitles": [
            "/events route"
          ],
          "duration": 10,
          "failing": false,
          "failureDetails": [
            {}
          ],
          "failureMessages": [
            "TypeError: \u001b[2mexpect(\u001b[22m\u001b[31mreceived\u001b[39m\u001b[2m).\u001b[22mtoHaveLength\u001b[2m(\u001b[22m\u001b[32mexpected\u001b[39m\u001b[2m)\u001b[22m\n\n\u001b[1mMatcher error\u001b[22m: \u001b[31mreceived\u001b[39m value must have a length property whose value must be a number\n\nReceived has value: \u001b[31mundefined\u001b[39m\n    at Object.<anonymous> (I:\\React Projects\\cv\\backend\\src\\routes\\timeline.test.ts:74:39)\n    at processTicksAndRejections (node:internal/process/task_queues:95:5)"
          ],
          "fullName": "/events route merges google and holiday events correctly",
          "invocations": 1,
          "location": null,
          "numPassingAsserts": 1,
          "retryReasons": [],
          "startAt": 1776918002660,
          "status": "failed",
          "title": "merges google and holiday events correctly"
        },
        {
          "ancestorTitles": [
            "/events route"
          ],
          "duration": 6,
          "failing": false,
          "failureDetails": [],
          "failureMessages": [],
          "fullName": "/events route returns 400 for invalid month",
          "invocations": 1,
          "location": null,
          "numPassingAsserts": 1,
          "retryReasons": [],
          "startAt": 1776918002678,
          "status": "passed",
          "title": "returns 400 for invalid month"
        },
        {
          "ancestorTitles": [
            "/events route"
          ],
          "duration": 8,
          "failing": false,
          "failureDetails": [
            {
              "matcherResult": {
                "message": "\u001b[2mexpect(\u001b[22m\u001b[31mjest.fn()\u001b[39m\u001b[2m).\u001b[22mtoHaveBeenCalled\u001b[2m()\u001b[22m\n\nExpected number of calls: >= \u001b[32m1\u001b[39m\nReceived number of calls:    \u001b[31m0\u001b[39m",
                "pass": false
              }
            }
          ],
          "failureMessages": [
            "Error: \u001b[2mexpect(\u001b[22m\u001b[31mjest.fn()\u001b[39m\u001b[2m).\u001b[22mtoHaveBeenCalled\u001b[2m()\u001b[22m\n\nExpected number of calls: >= \u001b[32m1\u001b[39m\nReceived number of calls:    \u001b[31m0\u001b[39m\n    at Object.<anonymous> (I:\\React Projects\\cv\\backend\\src\\routes\\timeline.test.ts:95:63)\n    at processTicksAndRejections (node:internal/process/task_queues:95:5)"
          ],
          "fullName": "/events route calls both services",
          "invocations": 1,
          "location": null,
          "numPassingAsserts": 0,
          "retryReasons": [],
          "startAt": 1776918002684,
          "status": "failed",
          "title": "calls both services"
        },
        {
          "ancestorTitles": [
            "/events route"
          ],
          "duration": 7,
          "failing": false,
          "failureDetails": [
            {}
          ],
          "failureMessages": [
            "TypeError: Cannot read properties of undefined (reading 'map')\n    at Object.<anonymous> (I:\\React Projects\\cv\\backend\\src\\routes\\timeline.test.ts:115:23)\n    at processTicksAndRejections (node:internal/process/task_queues:95:5)"
          ],
          "fullName": "/events route handles multiple events on same date without overwriting",
          "invocations": 1,
          "location": null,
          "numPassingAsserts": 0,
          "retryReasons": [],
          "startAt": 1776918002692,
          "status": "failed",
          "title": "handles multiple events on same date without overwriting"
        }
      ],
      "failureMessage": "\u001b[1m\u001b[31m  \u001b[1m● \u001b[22m\u001b[1m/events route › merges google and holiday events correctly\u001b[39m\u001b[22m\n\n    TypeError: \u001b[2mexpect(\u001b[22m\u001b[31mreceived\u001b[39m\u001b[2m).\u001b[22mtoHaveLength\u001b[2m(\u001b[22m\u001b[32mexpected\u001b[39m\u001b[2m)\u001b[22m\n\n    \u001b[1mMatcher error\u001b[22m: \u001b[31mreceived\u001b[39m value must have a length property whose value must be a number\n\n    Received has value: \u001b[31mundefined\u001b[39m\n\u001b[2m\u001b[22m\n\u001b[2m    \u001b[0m \u001b[90m 72 |\u001b[39m         expect(res\u001b[33m.\u001b[39mstatus)\u001b[33m.\u001b[39mtoBe(\u001b[35m200\u001b[39m)\u001b[33m;\u001b[39m\u001b[22m\n\u001b[2m     \u001b[90m 73 |\u001b[39m\u001b[22m\n\u001b[2m    \u001b[31m\u001b[1m>\u001b[22m\u001b[2m\u001b[39m\u001b[90m 74 |\u001b[39m         expect(res\u001b[33m.\u001b[39mbody[\u001b[32m\"5/10/2025\"\u001b[39m])\u001b[33m.\u001b[39mtoHaveLength(\u001b[35m2\u001b[39m)\u001b[33m;\u001b[39m\u001b[22m\n\u001b[2m     \u001b[90m    |\u001b[39m                                       \u001b[31m\u001b[1m^\u001b[22m\u001b[2m\u001b[39m\u001b[22m\n\u001b[2m     \u001b[90m 75 |\u001b[39m     })\u001b[33m;\u001b[39m\u001b[22m\n\u001b[2m     \u001b[90m 76 |\u001b[39m\u001b[22m\n\u001b[2m     \u001b[90m 77 |\u001b[39m     it(\u001b[32m\"returns 400 for invalid month\"\u001b[39m\u001b[33m,\u001b[39m \u001b[36masync\u001b[39m () \u001b[33m=>\u001b[39m {\u001b[0m\u001b[22m\n\u001b[2m\u001b[22m\n\u001b[2m      \u001b[2mat Object.<anonymous> (\u001b[22m\u001b[2m\u001b[0m\u001b[36msrc/routes/timeline.test.ts\u001b[39m\u001b[0m\u001b[2m:74:39)\u001b[22m\u001b[2m\u001b[22m\n\n\u001b[1m\u001b[31m  \u001b[1m● \u001b[22m\u001b[1m/events route › calls both services\u001b[39m\u001b[22m\n\n    \u001b[2mexpect(\u001b[22m\u001b[31mjest.fn()\u001b[39m\u001b[2m).\u001b[22mtoHaveBeenCalled\u001b[2m()\u001b[22m\n\n    Expected number of calls: >= \u001b[32m1\u001b[39m\n    Received number of calls:    \u001b[31m0\u001b[39m\n\u001b[2m\u001b[22m\n\u001b[2m    \u001b[0m \u001b[90m 93 |\u001b[39m             \u001b[33m.\u001b[39m\u001b[36mget\u001b[39m(\u001b[32m\"/api/timeline/events?month=4&year=2026\"\u001b[39m)\u001b[33m;\u001b[39m\u001b[22m\n\u001b[2m     \u001b[90m 94 |\u001b[39m\u001b[22m\n\u001b[2m    \u001b[31m\u001b[1m>\u001b[22m\u001b[2m\u001b[39m\u001b[90m 95 |\u001b[39m         expect(googleCalendarService\u001b[33m.\u001b[39mgetGoogleCalendarEvents)\u001b[33m.\u001b[39mtoHaveBeenCalled()\u001b[33m;\u001b[39m\u001b[22m\n\u001b[2m     \u001b[90m    |\u001b[39m                                                               \u001b[31m\u001b[1m^\u001b[22m\u001b[2m\u001b[39m\u001b[22m\n\u001b[2m     \u001b[90m 96 |\u001b[39m         expect(nagerService\u001b[33m.\u001b[39mgetHolidaysEvents)\u001b[33m.\u001b[39mtoHaveBeenCalled()\u001b[33m;\u001b[39m\u001b[22m\n\u001b[2m     \u001b[90m 97 |\u001b[39m     })\u001b[33m;\u001b[39m\u001b[22m\n\u001b[2m     \u001b[90m 98 |\u001b[39m\u001b[0m\u001b[22m\n\u001b[2m\u001b[22m\n\u001b[2m      \u001b[2mat Object.<anonymous> (\u001b[22m\u001b[2m\u001b[0m\u001b[36msrc/routes/timeline.test.ts\u001b[39m\u001b[0m\u001b[2m:95:63)\u001b[22m\u001b[2m\u001b[22m\n\n\u001b[1m\u001b[31m  \u001b[1m● \u001b[22m\u001b[1m/events route › handles multiple events on same date without overwriting\u001b[39m\u001b[22m\n\n    TypeError: Cannot read properties of undefined (reading 'map')\n\u001b[2m\u001b[22m\n\u001b[2m    \u001b[0m \u001b[90m 113 |\u001b[39m         \u001b[36mconst\u001b[39m events \u001b[33m=\u001b[39m res\u001b[33m.\u001b[39mbody[\u001b[32m\"2026-04-10\"\u001b[39m]\u001b[33m;\u001b[39m\u001b[22m\n\u001b[2m     \u001b[90m 114 |\u001b[39m\u001b[22m\n\u001b[2m    \u001b[31m\u001b[1m>\u001b[22m\u001b[2m\u001b[39m\u001b[90m 115 |\u001b[39m         expect(events\u001b[33m.\u001b[39mmap((e\u001b[33m:\u001b[39m any) \u001b[33m=>\u001b[39m e\u001b[33m.\u001b[39mevent\u001b[33m.\u001b[39meventEng))\u001b[33m.\u001b[39mtoContain(\u001b[32m\"A\"\u001b[39m)\u001b[33m;\u001b[39m\u001b[22m\n\u001b[2m     \u001b[90m     |\u001b[39m                       \u001b[31m\u001b[1m^\u001b[22m\u001b[2m\u001b[39m\u001b[22m\n\u001b[2m     \u001b[90m 116 |\u001b[39m         expect(events\u001b[33m.\u001b[39mmap((e\u001b[33m:\u001b[39m any) \u001b[33m=>\u001b[39m e\u001b[33m.\u001b[39mevent\u001b[33m.\u001b[39meventEng))\u001b[33m.\u001b[39mtoContain(\u001b[32m\"B\"\u001b[39m)\u001b[33m;\u001b[39m\u001b[22m\n\u001b[2m     \u001b[90m 117 |\u001b[39m     })\u001b[33m;\u001b[39m\u001b[22m\n\u001b[2m     \u001b[90m 118 |\u001b[39m })\u001b[0m\u001b[22m\n\u001b[2m\u001b[22m\n\u001b[2m      \u001b[2mat Object.<anonymous> (\u001b[22m\u001b[2m\u001b[0m\u001b[36msrc/routes/timeline.test.ts\u001b[39m\u001b[0m\u001b[2m:115:23)\u001b[22m\u001b[2m\u001b[22m\n"
    }
  ],
  "wasInterrupted": false
}